\BOOKMARK [1][-]{section.1}{Experiments}{}% 1
\BOOKMARK [2][-]{subsection.1.1}{Expt 1 Pitch discrimination}{section.1}% 2
\BOOKMARK [3][-]{subsubsection.1.1.1}{Description:}{subsection.1.1}% 3
\BOOKMARK [3][-]{subsubsection.1.1.2}{Skills:}{subsection.1.1}% 4
\BOOKMARK [3][-]{subsubsection.1.1.3}{Levels:}{subsection.1.1}% 5
\BOOKMARK [2][-]{subsection.1.2}{Expt 2 Pitch Direction}{section.1}% 6
\BOOKMARK [3][-]{subsubsection.1.2.1}{Description:}{subsection.1.2}% 7
\BOOKMARK [3][-]{subsubsection.1.2.2}{Levels:}{subsection.1.2}% 8
\BOOKMARK [2][-]{subsection.1.3}{Expt 2.5 What are notes?}{section.1}% 9
\BOOKMARK [3][-]{subsubsection.1.3.1}{Description:}{subsection.1.3}% 10
\BOOKMARK [3][-]{subsubsection.1.3.2}{Skills:}{subsection.1.3}% 11
\BOOKMARK [3][-]{subsubsection.1.3.3}{Levels:}{subsection.1.3}% 12
\BOOKMARK [2][-]{subsection.1.4}{Expt 3 Pitch identification from same tonic}{section.1}% 13
\BOOKMARK [3][-]{subsubsection.1.4.1}{Description:}{subsection.1.4}% 14
\BOOKMARK [3][-]{subsubsection.1.4.2}{Skills:}{subsection.1.4}% 15
\BOOKMARK [3][-]{subsubsection.1.4.3}{Levels:}{subsection.1.4}% 16
\BOOKMARK [2][-]{subsection.1.5}{Expt 4 Pitch identification from separate tonic}{section.1}% 17
\BOOKMARK [3][-]{subsubsection.1.5.1}{Description:}{subsection.1.5}% 18
\BOOKMARK [3][-]{subsubsection.1.5.2}{Skills:}{subsection.1.5}% 19
\BOOKMARK [2][-]{subsection.1.6}{Expt 5 Identifying a chain of pitches}{section.1}% 20
\BOOKMARK [3][-]{subsubsection.1.6.1}{Description:}{subsection.1.6}% 21
\BOOKMARK [3][-]{subsubsection.1.6.2}{Skills:}{subsection.1.6}% 22
\BOOKMARK [3][-]{subsubsection.1.6.3}{Levels:}{subsection.1.6}% 23
\BOOKMARK [2][-]{subsection.1.7}{Expt 6 Tabla Simulation}{section.1}% 24
\BOOKMARK [3][-]{subsubsection.1.7.1}{Description:}{subsection.1.7}% 25
\BOOKMARK [3][-]{subsubsection.1.7.2}{Skills:}{subsection.1.7}% 26
\BOOKMARK [3][-]{subsubsection.1.7.3}{Levels:}{subsection.1.7}% 27
\BOOKMARK [2][-]{subsection.1.8}{Expt 7 Khali and Taali}{section.1}% 28
\BOOKMARK [3][-]{subsubsection.1.8.1}{Description:}{subsection.1.8}% 29
\BOOKMARK [3][-]{subsubsection.1.8.2}{Skills:}{subsection.1.8}% 30
\BOOKMARK [3][-]{subsubsection.1.8.3}{Levels:}{subsection.1.8}% 31
\BOOKMARK [2][-]{subsection.1.9}{Expt 8 Phrase hearing}{section.1}% 32
\BOOKMARK [3][-]{subsubsection.1.9.1}{Description:}{subsection.1.9}% 33
\BOOKMARK [3][-]{subsubsection.1.9.2}{Levels:}{subsection.1.9}% 34
\BOOKMARK [2][-]{subsection.1.10}{Expt 9 Intonation}{section.1}% 35
\BOOKMARK [3][-]{subsubsection.1.10.1}{Description:}{subsection.1.10}% 36
\BOOKMARK [2][-]{subsection.1.11}{Expt 10 Tuning a Tanpura}{section.1}% 37
\BOOKMARK [3][-]{subsubsection.1.11.1}{Description:}{subsection.1.11}% 38
\BOOKMARK [3][-]{subsubsection.1.11.2}{Levels:}{subsection.1.11}% 39
\BOOKMARK [2][-]{subsection.1.12}{Expt 11 Singing and melograph plotting}{section.1}% 40
\BOOKMARK [3][-]{subsubsection.1.12.1}{Description:}{subsection.1.12}% 41
\BOOKMARK [3][-]{subsubsection.1.12.2}{Skills:}{subsection.1.12}% 42
\BOOKMARK [3][-]{subsubsection.1.12.3}{Levels:}{subsection.1.12}% 43
\BOOKMARK [1][-]{section.2}{Appendix}{}% 44
\BOOKMARK [2][-]{subsection.2.1}{Export drones for 6 seconds in all 12 keys}{section.2}% 45
\BOOKMARK [2][-]{subsection.2.2}{Instruments:}{section.2}% 46
